<?xml version="1.0" encoding="UTF-8"?>
<!-- Generated by org.testng.reporters.JUnitReportReporter -->
<testsuite hostname="LAPTOP-HHA91662" failures="0" tests="3" name="com.qa.opencart.tests.LoginPageTest" time="1.460" errors="0" timestamp="12 Jan 2021 18:08:42 GMT">
  <testcase classname="com.qa.opencart.tests.LoginPageTest" name="verifyLoginPageTitleTest" time="0.023"/>
  <testcase classname="com.qa.opencart.tests.LoginPageTest" name="verifyForgotPwdLinkTet" time="0.048"/>
  <testcase classname="com.qa.opencart.tests.LoginPageTest" name="loginTest" time="1.389"/>
</testsuite> <!-- com.qa.opencart.tests.LoginPageTest -->
